Arguments: 
  /home/dottor5/.nvm/versions/node/v12.20.1/bin/node /home/dottor5/.yarn/bin/yarn.js init -t

PATH: 
  /home/dottor5/.nvm/versions/node/v12.20.1/bin:/home/dottor5/.zinit/polaris/bin:/home/dottor5/bin:/usr/local/bin:/home/dottor5/.yarn/bin:/home/dottor5/.config/yarn/global/node_modules/.bin:/home/dottor5/.nvm/versions/node/v12.20.1/bin:/usr/local/sbin:/usr/local/bin:/usr/sbin:/usr/bin:/sbin:/bin:/usr/games:/usr/local/games:/snap/bin:/home/dottor5/.yarn/bin:/home/dottor5/Android/Sdk/emulator:/home/dottor5/Android/Sdk/tools:/home/dottor5/Android/Sdk/tools/bin:/home/dottor5/Android/Sdk/platform-tools:/home/dottor5/android-studio/bin

Yarn version: 
  1.22.5

Node version: 
  12.20.1

Platform: 
  linux x64

Trace: 
  Error: canceled
      at Interface.<anonymous> (/home/dottor5/.yarn/lib/cli.js:137009:13)
      at Interface.emit (events.js:314:20)
      at Interface._ttyWrite (readline.js:868:16)
      at ReadStream.onkeypress (readline.js:205:10)
      at ReadStream.emit (events.js:314:20)
      at emitKeys (internal/readline/utils.js:335:14)
      at emitKeys.next (<anonymous>)
      at ReadStream.onData (readline.js:1137:36)
      at ReadStream.emit (events.js:314:20)
      at addChunk (_stream_readable.js:297:12)

npm manifest: 
  No manifest

yarn manifest: 
  No manifest

Lockfile: 
  No lockfile
